<?xml version="1.0" encoding="UTF-8"?>
<!-- Generated by org.testng.reporters.JUnitReportReporter -->
<testsuite skipped="0" hostname="Nanis-MacBook-Pro.local" name="apicalls.JiraAPIAutomation" tests="4" failures="0" timestamp="29 Sep 2018 06:29:46 GMT" time="2.035" errors="0">
  <testcase name="loginJira" time="1.752" classname="apicalls.JiraAPIAutomation"/>
  <testcase name="createIssue" time="0.280" classname="apicalls.JiraAPIAutomation"/>
  <testcase name="addComment" time="0.002" classname="apicalls.JiraAPIAutomation"/>
  <testcase name="updateComment" time="0.001" classname="apicalls.JiraAPIAutomation"/>
</testsuite> <!-- apicalls.JiraAPIAutomation -->
