<?xml version="1.0" encoding="UTF-8"?>
<!-- Generated by org.testng.reporters.JUnitReportReporter -->
<testsuite skipped="0" hostname="MC01LAP0411" name="apicalls.Jira_work" tests="1" failures="0" timestamp="30 Sep 2018 11:13:57 GMT" time="2.486" errors="0">
  <testcase name="GetBearerID" time="2.486" classname="apicalls.Jira_work"/>
</testsuite> <!-- apicalls.Jira_work -->
