<?xml version="1.0" encoding="UTF-8"?>
<!-- Generated by org.testng.reporters.JUnitReportReporter -->
<testsuite skipped="0" hostname="Nanis-MacBook-Pro.local" name="apicalls.JiraAPIAutomation" tests="4" failures="0" timestamp="29 Sep 2018 06:38:40 GMT" time="2.360" errors="0">
  <testcase name="loginJira" time="2.094" classname="apicalls.JiraAPIAutomation"/>
  <testcase name="createIssue" time="0.176" classname="apicalls.JiraAPIAutomation"/>
  <testcase name="addComment" time="0.090" classname="apicalls.JiraAPIAutomation"/>
  <testcase name="updateComment" time="0.000" classname="apicalls.JiraAPIAutomation"/>
</testsuite> <!-- apicalls.JiraAPIAutomation -->
